[2023-10-06T15:31:30.429+0000] {processor.py:157} INFO - Started process (PID=46175) to work on /opt/airflow/dags/task_flow_API_Pipeline.py
[2023-10-06T15:31:30.430+0000] {processor.py:829} INFO - Processing file /opt/airflow/dags/task_flow_API_Pipeline.py for tasks to queue
[2023-10-06T15:31:30.431+0000] {logging_mixin.py:151} INFO - [2023-10-06T15:31:30.430+0000] {dagbag.py:539} INFO - Filling up the DagBag from /opt/airflow/dags/task_flow_API_Pipeline.py
[2023-10-06T15:31:30.437+0000] {processor.py:839} INFO - DAG(s) dict_keys(['tutorial_taskflow_api']) retrieved from /opt/airflow/dags/task_flow_API_Pipeline.py
[2023-10-06T15:31:30.540+0000] {logging_mixin.py:151} INFO - [2023-10-06T15:31:30.540+0000] {security.py:708} INFO - Not syncing DAG-level permissions for DAG 'DAG:tutorial_taskflow_api' as access control is unset.
[2023-10-06T15:31:30.540+0000] {logging_mixin.py:151} INFO - [2023-10-06T15:31:30.540+0000] {dag.py:2915} INFO - Sync 1 DAGs
[2023-10-06T15:31:30.551+0000] {logging_mixin.py:151} INFO - [2023-10-06T15:31:30.550+0000] {dag.py:3696} INFO - Setting next_dagrun for tutorial_taskflow_api to None, run_after=None
[2023-10-06T15:31:30.573+0000] {processor.py:179} INFO - Processing /opt/airflow/dags/task_flow_API_Pipeline.py took 0.147 seconds
[2023-10-06T15:32:00.607+0000] {processor.py:157} INFO - Started process (PID=46233) to work on /opt/airflow/dags/task_flow_API_Pipeline.py
[2023-10-06T15:32:00.609+0000] {processor.py:829} INFO - Processing file /opt/airflow/dags/task_flow_API_Pipeline.py for tasks to queue
[2023-10-06T15:32:00.610+0000] {logging_mixin.py:151} INFO - [2023-10-06T15:32:00.609+0000] {dagbag.py:539} INFO - Filling up the DagBag from /opt/airflow/dags/task_flow_API_Pipeline.py
[2023-10-06T15:32:00.616+0000] {processor.py:839} INFO - DAG(s) dict_keys(['tutorial_taskflow_api']) retrieved from /opt/airflow/dags/task_flow_API_Pipeline.py
[2023-10-06T15:32:00.638+0000] {logging_mixin.py:151} INFO - [2023-10-06T15:32:00.638+0000] {dag.py:2915} INFO - Sync 1 DAGs
[2023-10-06T15:32:00.652+0000] {logging_mixin.py:151} INFO - [2023-10-06T15:32:00.652+0000] {dag.py:3696} INFO - Setting next_dagrun for tutorial_taskflow_api to None, run_after=None
[2023-10-06T15:32:00.673+0000] {processor.py:179} INFO - Processing /opt/airflow/dags/task_flow_API_Pipeline.py took 0.069 seconds
[2023-10-06T15:32:30.835+0000] {processor.py:157} INFO - Started process (PID=46290) to work on /opt/airflow/dags/task_flow_API_Pipeline.py
[2023-10-06T15:32:30.837+0000] {processor.py:829} INFO - Processing file /opt/airflow/dags/task_flow_API_Pipeline.py for tasks to queue
[2023-10-06T15:32:30.837+0000] {logging_mixin.py:151} INFO - [2023-10-06T15:32:30.837+0000] {dagbag.py:539} INFO - Filling up the DagBag from /opt/airflow/dags/task_flow_API_Pipeline.py
[2023-10-06T15:32:30.843+0000] {processor.py:839} INFO - DAG(s) dict_keys(['tutorial_taskflow_api']) retrieved from /opt/airflow/dags/task_flow_API_Pipeline.py
[2023-10-06T15:32:30.855+0000] {logging_mixin.py:151} INFO - [2023-10-06T15:32:30.855+0000] {dag.py:2915} INFO - Sync 1 DAGs
[2023-10-06T15:32:30.869+0000] {logging_mixin.py:151} INFO - [2023-10-06T15:32:30.868+0000] {dag.py:3696} INFO - Setting next_dagrun for tutorial_taskflow_api to None, run_after=None
[2023-10-06T15:32:30.893+0000] {processor.py:179} INFO - Processing /opt/airflow/dags/task_flow_API_Pipeline.py took 0.061 seconds
[2023-10-06T15:33:00.954+0000] {processor.py:157} INFO - Started process (PID=46347) to work on /opt/airflow/dags/task_flow_API_Pipeline.py
[2023-10-06T15:33:00.955+0000] {processor.py:829} INFO - Processing file /opt/airflow/dags/task_flow_API_Pipeline.py for tasks to queue
[2023-10-06T15:33:00.956+0000] {logging_mixin.py:151} INFO - [2023-10-06T15:33:00.956+0000] {dagbag.py:539} INFO - Filling up the DagBag from /opt/airflow/dags/task_flow_API_Pipeline.py
[2023-10-06T15:33:00.964+0000] {processor.py:839} INFO - DAG(s) dict_keys(['tutorial_taskflow_api']) retrieved from /opt/airflow/dags/task_flow_API_Pipeline.py
[2023-10-06T15:33:01.082+0000] {logging_mixin.py:151} INFO - [2023-10-06T15:33:01.082+0000] {security.py:708} INFO - Not syncing DAG-level permissions for DAG 'DAG:tutorial_taskflow_api' as access control is unset.
[2023-10-06T15:33:01.082+0000] {logging_mixin.py:151} INFO - [2023-10-06T15:33:01.082+0000] {dag.py:2915} INFO - Sync 1 DAGs
[2023-10-06T15:33:01.093+0000] {logging_mixin.py:151} INFO - [2023-10-06T15:33:01.093+0000] {dag.py:3696} INFO - Setting next_dagrun for tutorial_taskflow_api to None, run_after=None
[2023-10-06T15:33:01.118+0000] {processor.py:179} INFO - Processing /opt/airflow/dags/task_flow_API_Pipeline.py took 0.167 seconds
[2023-10-06T15:33:31.324+0000] {processor.py:157} INFO - Started process (PID=46404) to work on /opt/airflow/dags/task_flow_API_Pipeline.py
[2023-10-06T15:33:31.326+0000] {processor.py:829} INFO - Processing file /opt/airflow/dags/task_flow_API_Pipeline.py for tasks to queue
[2023-10-06T15:33:31.327+0000] {logging_mixin.py:151} INFO - [2023-10-06T15:33:31.326+0000] {dagbag.py:539} INFO - Filling up the DagBag from /opt/airflow/dags/task_flow_API_Pipeline.py
[2023-10-06T15:33:31.334+0000] {processor.py:839} INFO - DAG(s) dict_keys(['tutorial_taskflow_api']) retrieved from /opt/airflow/dags/task_flow_API_Pipeline.py
[2023-10-06T15:33:31.359+0000] {logging_mixin.py:151} INFO - [2023-10-06T15:33:31.359+0000] {dag.py:2915} INFO - Sync 1 DAGs
[2023-10-06T15:33:31.373+0000] {logging_mixin.py:151} INFO - [2023-10-06T15:33:31.373+0000] {dag.py:3696} INFO - Setting next_dagrun for tutorial_taskflow_api to None, run_after=None
[2023-10-06T15:33:31.390+0000] {processor.py:179} INFO - Processing /opt/airflow/dags/task_flow_API_Pipeline.py took 0.068 seconds
[2023-10-06T15:34:01.513+0000] {processor.py:157} INFO - Started process (PID=46461) to work on /opt/airflow/dags/task_flow_API_Pipeline.py
[2023-10-06T15:34:01.515+0000] {processor.py:829} INFO - Processing file /opt/airflow/dags/task_flow_API_Pipeline.py for tasks to queue
[2023-10-06T15:34:01.516+0000] {logging_mixin.py:151} INFO - [2023-10-06T15:34:01.515+0000] {dagbag.py:539} INFO - Filling up the DagBag from /opt/airflow/dags/task_flow_API_Pipeline.py
[2023-10-06T15:34:01.524+0000] {processor.py:839} INFO - DAG(s) dict_keys(['tutorial_taskflow_api']) retrieved from /opt/airflow/dags/task_flow_API_Pipeline.py
[2023-10-06T15:34:01.536+0000] {logging_mixin.py:151} INFO - [2023-10-06T15:34:01.535+0000] {dag.py:2915} INFO - Sync 1 DAGs
[2023-10-06T15:34:01.549+0000] {logging_mixin.py:151} INFO - [2023-10-06T15:34:01.549+0000] {dag.py:3696} INFO - Setting next_dagrun for tutorial_taskflow_api to None, run_after=None
[2023-10-06T15:34:01.569+0000] {processor.py:179} INFO - Processing /opt/airflow/dags/task_flow_API_Pipeline.py took 0.059 seconds
[2023-10-06T15:34:31.743+0000] {processor.py:157} INFO - Started process (PID=46518) to work on /opt/airflow/dags/task_flow_API_Pipeline.py
[2023-10-06T15:34:31.744+0000] {processor.py:829} INFO - Processing file /opt/airflow/dags/task_flow_API_Pipeline.py for tasks to queue
[2023-10-06T15:34:31.744+0000] {logging_mixin.py:151} INFO - [2023-10-06T15:34:31.744+0000] {dagbag.py:539} INFO - Filling up the DagBag from /opt/airflow/dags/task_flow_API_Pipeline.py
[2023-10-06T15:34:31.750+0000] {processor.py:839} INFO - DAG(s) dict_keys(['tutorial_taskflow_api']) retrieved from /opt/airflow/dags/task_flow_API_Pipeline.py
[2023-10-06T15:34:31.854+0000] {logging_mixin.py:151} INFO - [2023-10-06T15:34:31.854+0000] {security.py:708} INFO - Not syncing DAG-level permissions for DAG 'DAG:tutorial_taskflow_api' as access control is unset.
[2023-10-06T15:34:31.855+0000] {logging_mixin.py:151} INFO - [2023-10-06T15:34:31.855+0000] {dag.py:2915} INFO - Sync 1 DAGs
[2023-10-06T15:34:31.867+0000] {logging_mixin.py:151} INFO - [2023-10-06T15:34:31.867+0000] {dag.py:3696} INFO - Setting next_dagrun for tutorial_taskflow_api to None, run_after=None
[2023-10-06T15:34:31.887+0000] {processor.py:179} INFO - Processing /opt/airflow/dags/task_flow_API_Pipeline.py took 0.150 seconds
[2023-10-06T15:35:02.435+0000] {processor.py:157} INFO - Started process (PID=46582) to work on /opt/airflow/dags/task_flow_API_Pipeline.py
[2023-10-06T15:35:02.437+0000] {processor.py:829} INFO - Processing file /opt/airflow/dags/task_flow_API_Pipeline.py for tasks to queue
[2023-10-06T15:35:02.438+0000] {logging_mixin.py:151} INFO - [2023-10-06T15:35:02.437+0000] {dagbag.py:539} INFO - Filling up the DagBag from /opt/airflow/dags/task_flow_API_Pipeline.py
[2023-10-06T15:35:02.446+0000] {processor.py:839} INFO - DAG(s) dict_keys(['tutorial_taskflow_api']) retrieved from /opt/airflow/dags/task_flow_API_Pipeline.py
[2023-10-06T15:35:02.474+0000] {logging_mixin.py:151} INFO - [2023-10-06T15:35:02.474+0000] {dag.py:2915} INFO - Sync 1 DAGs
[2023-10-06T15:35:02.492+0000] {logging_mixin.py:151} INFO - [2023-10-06T15:35:02.492+0000] {dag.py:3696} INFO - Setting next_dagrun for tutorial_taskflow_api to None, run_after=None
[2023-10-06T15:35:02.517+0000] {processor.py:179} INFO - Processing /opt/airflow/dags/task_flow_API_Pipeline.py took 0.086 seconds
[2023-10-06T15:35:32.790+0000] {processor.py:157} INFO - Started process (PID=46639) to work on /opt/airflow/dags/task_flow_API_Pipeline.py
[2023-10-06T15:35:32.791+0000] {processor.py:829} INFO - Processing file /opt/airflow/dags/task_flow_API_Pipeline.py for tasks to queue
[2023-10-06T15:35:32.791+0000] {logging_mixin.py:151} INFO - [2023-10-06T15:35:32.791+0000] {dagbag.py:539} INFO - Filling up the DagBag from /opt/airflow/dags/task_flow_API_Pipeline.py
[2023-10-06T15:35:32.797+0000] {processor.py:839} INFO - DAG(s) dict_keys(['tutorial_taskflow_api']) retrieved from /opt/airflow/dags/task_flow_API_Pipeline.py
[2023-10-06T15:35:32.809+0000] {logging_mixin.py:151} INFO - [2023-10-06T15:35:32.809+0000] {dag.py:2915} INFO - Sync 1 DAGs
[2023-10-06T15:35:32.825+0000] {logging_mixin.py:151} INFO - [2023-10-06T15:35:32.824+0000] {dag.py:3696} INFO - Setting next_dagrun for tutorial_taskflow_api to None, run_after=None
[2023-10-06T15:35:32.847+0000] {processor.py:179} INFO - Processing /opt/airflow/dags/task_flow_API_Pipeline.py took 0.060 seconds
[2023-10-06T15:36:03.047+0000] {processor.py:157} INFO - Started process (PID=46696) to work on /opt/airflow/dags/task_flow_API_Pipeline.py
[2023-10-06T15:36:03.048+0000] {processor.py:829} INFO - Processing file /opt/airflow/dags/task_flow_API_Pipeline.py for tasks to queue
[2023-10-06T15:36:03.049+0000] {logging_mixin.py:151} INFO - [2023-10-06T15:36:03.049+0000] {dagbag.py:539} INFO - Filling up the DagBag from /opt/airflow/dags/task_flow_API_Pipeline.py
[2023-10-06T15:36:03.055+0000] {processor.py:839} INFO - DAG(s) dict_keys(['tutorial_taskflow_api']) retrieved from /opt/airflow/dags/task_flow_API_Pipeline.py
[2023-10-06T15:36:03.156+0000] {logging_mixin.py:151} INFO - [2023-10-06T15:36:03.155+0000] {security.py:708} INFO - Not syncing DAG-level permissions for DAG 'DAG:tutorial_taskflow_api' as access control is unset.
[2023-10-06T15:36:03.156+0000] {logging_mixin.py:151} INFO - [2023-10-06T15:36:03.156+0000] {dag.py:2915} INFO - Sync 1 DAGs
[2023-10-06T15:36:03.166+0000] {logging_mixin.py:151} INFO - [2023-10-06T15:36:03.166+0000] {dag.py:3696} INFO - Setting next_dagrun for tutorial_taskflow_api to None, run_after=None
[2023-10-06T15:36:03.185+0000] {processor.py:179} INFO - Processing /opt/airflow/dags/task_flow_API_Pipeline.py took 0.142 seconds
[2023-10-06T15:36:33.744+0000] {processor.py:157} INFO - Started process (PID=46754) to work on /opt/airflow/dags/task_flow_API_Pipeline.py
[2023-10-06T15:36:33.745+0000] {processor.py:829} INFO - Processing file /opt/airflow/dags/task_flow_API_Pipeline.py for tasks to queue
[2023-10-06T15:36:33.746+0000] {logging_mixin.py:151} INFO - [2023-10-06T15:36:33.745+0000] {dagbag.py:539} INFO - Filling up the DagBag from /opt/airflow/dags/task_flow_API_Pipeline.py
[2023-10-06T15:36:33.752+0000] {processor.py:839} INFO - DAG(s) dict_keys(['tutorial_taskflow_api']) retrieved from /opt/airflow/dags/task_flow_API_Pipeline.py
[2023-10-06T15:36:33.776+0000] {logging_mixin.py:151} INFO - [2023-10-06T15:36:33.776+0000] {dag.py:2915} INFO - Sync 1 DAGs
[2023-10-06T15:36:33.788+0000] {logging_mixin.py:151} INFO - [2023-10-06T15:36:33.788+0000] {dag.py:3696} INFO - Setting next_dagrun for tutorial_taskflow_api to None, run_after=None
[2023-10-06T15:36:33.807+0000] {processor.py:179} INFO - Processing /opt/airflow/dags/task_flow_API_Pipeline.py took 0.068 seconds
[2023-10-06T15:37:03.889+0000] {processor.py:157} INFO - Started process (PID=46811) to work on /opt/airflow/dags/task_flow_API_Pipeline.py
[2023-10-06T15:37:03.892+0000] {processor.py:829} INFO - Processing file /opt/airflow/dags/task_flow_API_Pipeline.py for tasks to queue
[2023-10-06T15:37:03.893+0000] {logging_mixin.py:151} INFO - [2023-10-06T15:37:03.892+0000] {dagbag.py:539} INFO - Filling up the DagBag from /opt/airflow/dags/task_flow_API_Pipeline.py
[2023-10-06T15:37:03.898+0000] {processor.py:839} INFO - DAG(s) dict_keys(['tutorial_taskflow_api']) retrieved from /opt/airflow/dags/task_flow_API_Pipeline.py
[2023-10-06T15:37:03.910+0000] {logging_mixin.py:151} INFO - [2023-10-06T15:37:03.910+0000] {dag.py:2915} INFO - Sync 1 DAGs
[2023-10-06T15:37:03.925+0000] {logging_mixin.py:151} INFO - [2023-10-06T15:37:03.925+0000] {dag.py:3696} INFO - Setting next_dagrun for tutorial_taskflow_api to None, run_after=None
[2023-10-06T15:37:03.943+0000] {processor.py:179} INFO - Processing /opt/airflow/dags/task_flow_API_Pipeline.py took 0.056 seconds
[2023-10-06T15:37:34.038+0000] {processor.py:157} INFO - Started process (PID=46868) to work on /opt/airflow/dags/task_flow_API_Pipeline.py
[2023-10-06T15:37:34.040+0000] {processor.py:829} INFO - Processing file /opt/airflow/dags/task_flow_API_Pipeline.py for tasks to queue
[2023-10-06T15:37:34.042+0000] {logging_mixin.py:151} INFO - [2023-10-06T15:37:34.041+0000] {dagbag.py:539} INFO - Filling up the DagBag from /opt/airflow/dags/task_flow_API_Pipeline.py
[2023-10-06T15:37:34.056+0000] {processor.py:839} INFO - DAG(s) dict_keys(['tutorial_taskflow_api']) retrieved from /opt/airflow/dags/task_flow_API_Pipeline.py
[2023-10-06T15:37:34.205+0000] {logging_mixin.py:151} INFO - [2023-10-06T15:37:34.205+0000] {security.py:708} INFO - Not syncing DAG-level permissions for DAG 'DAG:tutorial_taskflow_api' as access control is unset.
[2023-10-06T15:37:34.206+0000] {logging_mixin.py:151} INFO - [2023-10-06T15:37:34.205+0000] {dag.py:2915} INFO - Sync 1 DAGs
[2023-10-06T15:37:34.216+0000] {logging_mixin.py:151} INFO - [2023-10-06T15:37:34.216+0000] {dag.py:3696} INFO - Setting next_dagrun for tutorial_taskflow_api to None, run_after=None
[2023-10-06T15:37:34.236+0000] {processor.py:179} INFO - Processing /opt/airflow/dags/task_flow_API_Pipeline.py took 0.202 seconds
[2023-10-06T15:38:05.192+0000] {processor.py:157} INFO - Started process (PID=46925) to work on /opt/airflow/dags/task_flow_API_Pipeline.py
[2023-10-06T15:38:05.193+0000] {processor.py:829} INFO - Processing file /opt/airflow/dags/task_flow_API_Pipeline.py for tasks to queue
[2023-10-06T15:38:05.194+0000] {logging_mixin.py:151} INFO - [2023-10-06T15:38:05.194+0000] {dagbag.py:539} INFO - Filling up the DagBag from /opt/airflow/dags/task_flow_API_Pipeline.py
[2023-10-06T15:38:05.200+0000] {processor.py:839} INFO - DAG(s) dict_keys(['tutorial_taskflow_api']) retrieved from /opt/airflow/dags/task_flow_API_Pipeline.py
[2023-10-06T15:38:05.220+0000] {logging_mixin.py:151} INFO - [2023-10-06T15:38:05.220+0000] {dag.py:2915} INFO - Sync 1 DAGs
[2023-10-06T15:38:05.232+0000] {logging_mixin.py:151} INFO - [2023-10-06T15:38:05.232+0000] {dag.py:3696} INFO - Setting next_dagrun for tutorial_taskflow_api to None, run_after=None
[2023-10-06T15:38:05.249+0000] {processor.py:179} INFO - Processing /opt/airflow/dags/task_flow_API_Pipeline.py took 0.061 seconds
[2023-10-06T15:38:35.524+0000] {processor.py:157} INFO - Started process (PID=46982) to work on /opt/airflow/dags/task_flow_API_Pipeline.py
[2023-10-06T15:38:35.525+0000] {processor.py:829} INFO - Processing file /opt/airflow/dags/task_flow_API_Pipeline.py for tasks to queue
[2023-10-06T15:38:35.525+0000] {logging_mixin.py:151} INFO - [2023-10-06T15:38:35.525+0000] {dagbag.py:539} INFO - Filling up the DagBag from /opt/airflow/dags/task_flow_API_Pipeline.py
[2023-10-06T15:38:35.532+0000] {processor.py:839} INFO - DAG(s) dict_keys(['tutorial_taskflow_api']) retrieved from /opt/airflow/dags/task_flow_API_Pipeline.py
[2023-10-06T15:38:35.544+0000] {logging_mixin.py:151} INFO - [2023-10-06T15:38:35.543+0000] {dag.py:2915} INFO - Sync 1 DAGs
[2023-10-06T15:38:35.557+0000] {logging_mixin.py:151} INFO - [2023-10-06T15:38:35.557+0000] {dag.py:3696} INFO - Setting next_dagrun for tutorial_taskflow_api to None, run_after=None
[2023-10-06T15:38:35.575+0000] {processor.py:179} INFO - Processing /opt/airflow/dags/task_flow_API_Pipeline.py took 0.054 seconds
[2023-10-06T15:39:05.624+0000] {processor.py:157} INFO - Started process (PID=47040) to work on /opt/airflow/dags/task_flow_API_Pipeline.py
[2023-10-06T15:39:05.626+0000] {processor.py:829} INFO - Processing file /opt/airflow/dags/task_flow_API_Pipeline.py for tasks to queue
[2023-10-06T15:39:05.626+0000] {logging_mixin.py:151} INFO - [2023-10-06T15:39:05.626+0000] {dagbag.py:539} INFO - Filling up the DagBag from /opt/airflow/dags/task_flow_API_Pipeline.py
[2023-10-06T15:39:05.632+0000] {processor.py:839} INFO - DAG(s) dict_keys(['tutorial_taskflow_api']) retrieved from /opt/airflow/dags/task_flow_API_Pipeline.py
[2023-10-06T15:39:05.730+0000] {logging_mixin.py:151} INFO - [2023-10-06T15:39:05.729+0000] {security.py:708} INFO - Not syncing DAG-level permissions for DAG 'DAG:tutorial_taskflow_api' as access control is unset.
[2023-10-06T15:39:05.730+0000] {logging_mixin.py:151} INFO - [2023-10-06T15:39:05.730+0000] {dag.py:2915} INFO - Sync 1 DAGs
[2023-10-06T15:39:05.740+0000] {logging_mixin.py:151} INFO - [2023-10-06T15:39:05.740+0000] {dag.py:3696} INFO - Setting next_dagrun for tutorial_taskflow_api to None, run_after=None
[2023-10-06T15:39:05.760+0000] {processor.py:179} INFO - Processing /opt/airflow/dags/task_flow_API_Pipeline.py took 0.139 seconds
[2023-10-06T15:39:35.987+0000] {processor.py:157} INFO - Started process (PID=47097) to work on /opt/airflow/dags/task_flow_API_Pipeline.py
[2023-10-06T15:39:35.987+0000] {processor.py:829} INFO - Processing file /opt/airflow/dags/task_flow_API_Pipeline.py for tasks to queue
[2023-10-06T15:39:35.988+0000] {logging_mixin.py:151} INFO - [2023-10-06T15:39:35.988+0000] {dagbag.py:539} INFO - Filling up the DagBag from /opt/airflow/dags/task_flow_API_Pipeline.py
[2023-10-06T15:39:35.994+0000] {processor.py:839} INFO - DAG(s) dict_keys(['tutorial_taskflow_api']) retrieved from /opt/airflow/dags/task_flow_API_Pipeline.py
[2023-10-06T15:39:36.016+0000] {logging_mixin.py:151} INFO - [2023-10-06T15:39:36.015+0000] {dag.py:2915} INFO - Sync 1 DAGs
[2023-10-06T15:39:36.028+0000] {logging_mixin.py:151} INFO - [2023-10-06T15:39:36.028+0000] {dag.py:3696} INFO - Setting next_dagrun for tutorial_taskflow_api to None, run_after=None
[2023-10-06T15:39:36.045+0000] {processor.py:179} INFO - Processing /opt/airflow/dags/task_flow_API_Pipeline.py took 0.061 seconds
[2023-10-06T15:40:06.487+0000] {processor.py:157} INFO - Started process (PID=47154) to work on /opt/airflow/dags/task_flow_API_Pipeline.py
[2023-10-06T15:40:06.488+0000] {processor.py:829} INFO - Processing file /opt/airflow/dags/task_flow_API_Pipeline.py for tasks to queue
[2023-10-06T15:40:06.489+0000] {logging_mixin.py:151} INFO - [2023-10-06T15:40:06.489+0000] {dagbag.py:539} INFO - Filling up the DagBag from /opt/airflow/dags/task_flow_API_Pipeline.py
[2023-10-06T15:40:06.495+0000] {processor.py:839} INFO - DAG(s) dict_keys(['tutorial_taskflow_api']) retrieved from /opt/airflow/dags/task_flow_API_Pipeline.py
[2023-10-06T15:40:06.507+0000] {logging_mixin.py:151} INFO - [2023-10-06T15:40:06.506+0000] {dag.py:2915} INFO - Sync 1 DAGs
[2023-10-06T15:40:06.519+0000] {logging_mixin.py:151} INFO - [2023-10-06T15:40:06.519+0000] {dag.py:3696} INFO - Setting next_dagrun for tutorial_taskflow_api to None, run_after=None
[2023-10-06T15:40:06.539+0000] {processor.py:179} INFO - Processing /opt/airflow/dags/task_flow_API_Pipeline.py took 0.055 seconds
[2023-10-06T15:40:37.018+0000] {processor.py:157} INFO - Started process (PID=47211) to work on /opt/airflow/dags/task_flow_API_Pipeline.py
[2023-10-06T15:40:37.018+0000] {processor.py:829} INFO - Processing file /opt/airflow/dags/task_flow_API_Pipeline.py for tasks to queue
[2023-10-06T15:40:37.019+0000] {logging_mixin.py:151} INFO - [2023-10-06T15:40:37.019+0000] {dagbag.py:539} INFO - Filling up the DagBag from /opt/airflow/dags/task_flow_API_Pipeline.py
[2023-10-06T15:40:37.025+0000] {processor.py:839} INFO - DAG(s) dict_keys(['tutorial_taskflow_api']) retrieved from /opt/airflow/dags/task_flow_API_Pipeline.py
[2023-10-06T15:40:37.131+0000] {logging_mixin.py:151} INFO - [2023-10-06T15:40:37.131+0000] {security.py:708} INFO - Not syncing DAG-level permissions for DAG 'DAG:tutorial_taskflow_api' as access control is unset.
[2023-10-06T15:40:37.131+0000] {logging_mixin.py:151} INFO - [2023-10-06T15:40:37.131+0000] {dag.py:2915} INFO - Sync 1 DAGs
[2023-10-06T15:40:37.146+0000] {logging_mixin.py:151} INFO - [2023-10-06T15:40:37.146+0000] {dag.py:3696} INFO - Setting next_dagrun for tutorial_taskflow_api to None, run_after=None
[2023-10-06T15:40:37.169+0000] {processor.py:179} INFO - Processing /opt/airflow/dags/task_flow_API_Pipeline.py took 0.154 seconds
[2023-10-06T15:41:07.318+0000] {processor.py:157} INFO - Started process (PID=47268) to work on /opt/airflow/dags/task_flow_API_Pipeline.py
[2023-10-06T15:41:07.319+0000] {processor.py:829} INFO - Processing file /opt/airflow/dags/task_flow_API_Pipeline.py for tasks to queue
[2023-10-06T15:41:07.320+0000] {logging_mixin.py:151} INFO - [2023-10-06T15:41:07.320+0000] {dagbag.py:539} INFO - Filling up the DagBag from /opt/airflow/dags/task_flow_API_Pipeline.py
[2023-10-06T15:41:07.327+0000] {processor.py:839} INFO - DAG(s) dict_keys(['tutorial_taskflow_api']) retrieved from /opt/airflow/dags/task_flow_API_Pipeline.py
[2023-10-06T15:41:07.356+0000] {logging_mixin.py:151} INFO - [2023-10-06T15:41:07.355+0000] {dag.py:2915} INFO - Sync 1 DAGs
[2023-10-06T15:41:07.384+0000] {logging_mixin.py:151} INFO - [2023-10-06T15:41:07.384+0000] {dag.py:3696} INFO - Setting next_dagrun for tutorial_taskflow_api to None, run_after=None
[2023-10-06T15:41:07.409+0000] {processor.py:179} INFO - Processing /opt/airflow/dags/task_flow_API_Pipeline.py took 0.094 seconds
[2023-10-06T15:41:37.504+0000] {processor.py:157} INFO - Started process (PID=47326) to work on /opt/airflow/dags/task_flow_API_Pipeline.py
[2023-10-06T15:41:37.505+0000] {processor.py:829} INFO - Processing file /opt/airflow/dags/task_flow_API_Pipeline.py for tasks to queue
[2023-10-06T15:41:37.506+0000] {logging_mixin.py:151} INFO - [2023-10-06T15:41:37.505+0000] {dagbag.py:539} INFO - Filling up the DagBag from /opt/airflow/dags/task_flow_API_Pipeline.py
[2023-10-06T15:41:37.511+0000] {processor.py:839} INFO - DAG(s) dict_keys(['tutorial_taskflow_api']) retrieved from /opt/airflow/dags/task_flow_API_Pipeline.py
[2023-10-06T15:41:37.523+0000] {logging_mixin.py:151} INFO - [2023-10-06T15:41:37.523+0000] {dag.py:2915} INFO - Sync 1 DAGs
[2023-10-06T15:41:37.535+0000] {logging_mixin.py:151} INFO - [2023-10-06T15:41:37.535+0000] {dag.py:3696} INFO - Setting next_dagrun for tutorial_taskflow_api to None, run_after=None
[2023-10-06T15:41:37.557+0000] {processor.py:179} INFO - Processing /opt/airflow/dags/task_flow_API_Pipeline.py took 0.056 seconds
[2023-10-06T15:42:07.869+0000] {processor.py:157} INFO - Started process (PID=47383) to work on /opt/airflow/dags/task_flow_API_Pipeline.py
[2023-10-06T15:42:07.870+0000] {processor.py:829} INFO - Processing file /opt/airflow/dags/task_flow_API_Pipeline.py for tasks to queue
[2023-10-06T15:42:07.871+0000] {logging_mixin.py:151} INFO - [2023-10-06T15:42:07.870+0000] {dagbag.py:539} INFO - Filling up the DagBag from /opt/airflow/dags/task_flow_API_Pipeline.py
[2023-10-06T15:42:07.876+0000] {processor.py:839} INFO - DAG(s) dict_keys(['tutorial_taskflow_api']) retrieved from /opt/airflow/dags/task_flow_API_Pipeline.py
[2023-10-06T15:42:07.972+0000] {logging_mixin.py:151} INFO - [2023-10-06T15:42:07.972+0000] {security.py:708} INFO - Not syncing DAG-level permissions for DAG 'DAG:tutorial_taskflow_api' as access control is unset.
[2023-10-06T15:42:07.972+0000] {logging_mixin.py:151} INFO - [2023-10-06T15:42:07.972+0000] {dag.py:2915} INFO - Sync 1 DAGs
[2023-10-06T15:42:07.982+0000] {logging_mixin.py:151} INFO - [2023-10-06T15:42:07.982+0000] {dag.py:3696} INFO - Setting next_dagrun for tutorial_taskflow_api to None, run_after=None
[2023-10-06T15:42:08.000+0000] {processor.py:179} INFO - Processing /opt/airflow/dags/task_flow_API_Pipeline.py took 0.134 seconds
[2023-10-06T15:42:38.346+0000] {processor.py:157} INFO - Started process (PID=47440) to work on /opt/airflow/dags/task_flow_API_Pipeline.py
[2023-10-06T15:42:38.347+0000] {processor.py:829} INFO - Processing file /opt/airflow/dags/task_flow_API_Pipeline.py for tasks to queue
[2023-10-06T15:42:38.348+0000] {logging_mixin.py:151} INFO - [2023-10-06T15:42:38.348+0000] {dagbag.py:539} INFO - Filling up the DagBag from /opt/airflow/dags/task_flow_API_Pipeline.py
[2023-10-06T15:42:38.354+0000] {processor.py:839} INFO - DAG(s) dict_keys(['tutorial_taskflow_api']) retrieved from /opt/airflow/dags/task_flow_API_Pipeline.py
[2023-10-06T15:42:38.374+0000] {logging_mixin.py:151} INFO - [2023-10-06T15:42:38.373+0000] {dag.py:2915} INFO - Sync 1 DAGs
[2023-10-06T15:42:38.385+0000] {logging_mixin.py:151} INFO - [2023-10-06T15:42:38.385+0000] {dag.py:3696} INFO - Setting next_dagrun for tutorial_taskflow_api to None, run_after=None
[2023-10-06T15:42:38.403+0000] {processor.py:179} INFO - Processing /opt/airflow/dags/task_flow_API_Pipeline.py took 0.061 seconds
[2023-10-06T15:43:08.654+0000] {processor.py:157} INFO - Started process (PID=47495) to work on /opt/airflow/dags/task_flow_API_Pipeline.py
[2023-10-06T15:43:08.655+0000] {processor.py:829} INFO - Processing file /opt/airflow/dags/task_flow_API_Pipeline.py for tasks to queue
[2023-10-06T15:43:08.656+0000] {logging_mixin.py:151} INFO - [2023-10-06T15:43:08.656+0000] {dagbag.py:539} INFO - Filling up the DagBag from /opt/airflow/dags/task_flow_API_Pipeline.py
[2023-10-06T15:43:08.670+0000] {processor.py:839} INFO - DAG(s) dict_keys(['tutorial_taskflow_api']) retrieved from /opt/airflow/dags/task_flow_API_Pipeline.py
[2023-10-06T15:43:08.688+0000] {logging_mixin.py:151} INFO - [2023-10-06T15:43:08.688+0000] {dag.py:2915} INFO - Sync 1 DAGs
[2023-10-06T15:43:08.706+0000] {logging_mixin.py:151} INFO - [2023-10-06T15:43:08.706+0000] {dag.py:3696} INFO - Setting next_dagrun for tutorial_taskflow_api to None, run_after=None
[2023-10-06T15:43:08.730+0000] {processor.py:179} INFO - Processing /opt/airflow/dags/task_flow_API_Pipeline.py took 0.079 seconds
[2023-10-06T15:43:39.391+0000] {processor.py:157} INFO - Started process (PID=47552) to work on /opt/airflow/dags/task_flow_API_Pipeline.py
[2023-10-06T15:43:39.393+0000] {processor.py:829} INFO - Processing file /opt/airflow/dags/task_flow_API_Pipeline.py for tasks to queue
[2023-10-06T15:43:39.393+0000] {logging_mixin.py:151} INFO - [2023-10-06T15:43:39.393+0000] {dagbag.py:539} INFO - Filling up the DagBag from /opt/airflow/dags/task_flow_API_Pipeline.py
[2023-10-06T15:43:39.402+0000] {processor.py:839} INFO - DAG(s) dict_keys(['tutorial_taskflow_api']) retrieved from /opt/airflow/dags/task_flow_API_Pipeline.py
[2023-10-06T15:43:39.542+0000] {logging_mixin.py:151} INFO - [2023-10-06T15:43:39.541+0000] {security.py:708} INFO - Not syncing DAG-level permissions for DAG 'DAG:tutorial_taskflow_api' as access control is unset.
[2023-10-06T15:43:39.542+0000] {logging_mixin.py:151} INFO - [2023-10-06T15:43:39.542+0000] {dag.py:2915} INFO - Sync 1 DAGs
[2023-10-06T15:43:39.558+0000] {logging_mixin.py:151} INFO - [2023-10-06T15:43:39.557+0000] {dag.py:3696} INFO - Setting next_dagrun for tutorial_taskflow_api to None, run_after=None
[2023-10-06T15:43:39.591+0000] {processor.py:179} INFO - Processing /opt/airflow/dags/task_flow_API_Pipeline.py took 0.203 seconds
[2023-10-06T15:44:10.086+0000] {processor.py:157} INFO - Started process (PID=47600) to work on /opt/airflow/dags/task_flow_API_Pipeline.py
[2023-10-06T15:44:10.088+0000] {processor.py:829} INFO - Processing file /opt/airflow/dags/task_flow_API_Pipeline.py for tasks to queue
[2023-10-06T15:44:10.089+0000] {logging_mixin.py:151} INFO - [2023-10-06T15:44:10.089+0000] {dagbag.py:539} INFO - Filling up the DagBag from /opt/airflow/dags/task_flow_API_Pipeline.py
[2023-10-06T15:44:10.102+0000] {processor.py:839} INFO - DAG(s) dict_keys(['tutorial_taskflow_api']) retrieved from /opt/airflow/dags/task_flow_API_Pipeline.py
[2023-10-06T15:44:10.146+0000] {logging_mixin.py:151} INFO - [2023-10-06T15:44:10.145+0000] {dag.py:2915} INFO - Sync 1 DAGs
[2023-10-06T15:44:10.175+0000] {logging_mixin.py:151} INFO - [2023-10-06T15:44:10.174+0000] {dag.py:3696} INFO - Setting next_dagrun for tutorial_taskflow_api to None, run_after=None
[2023-10-06T15:44:10.206+0000] {processor.py:179} INFO - Processing /opt/airflow/dags/task_flow_API_Pipeline.py took 0.126 seconds
[2023-10-06T15:44:40.528+0000] {processor.py:157} INFO - Started process (PID=47651) to work on /opt/airflow/dags/task_flow_API_Pipeline.py
[2023-10-06T15:44:40.529+0000] {processor.py:829} INFO - Processing file /opt/airflow/dags/task_flow_API_Pipeline.py for tasks to queue
[2023-10-06T15:44:40.530+0000] {logging_mixin.py:151} INFO - [2023-10-06T15:44:40.530+0000] {dagbag.py:539} INFO - Filling up the DagBag from /opt/airflow/dags/task_flow_API_Pipeline.py
[2023-10-06T15:44:40.536+0000] {processor.py:839} INFO - DAG(s) dict_keys(['tutorial_taskflow_api']) retrieved from /opt/airflow/dags/task_flow_API_Pipeline.py
[2023-10-06T15:44:40.548+0000] {logging_mixin.py:151} INFO - [2023-10-06T15:44:40.548+0000] {dag.py:2915} INFO - Sync 1 DAGs
[2023-10-06T15:44:40.562+0000] {logging_mixin.py:151} INFO - [2023-10-06T15:44:40.562+0000] {dag.py:3696} INFO - Setting next_dagrun for tutorial_taskflow_api to None, run_after=None
[2023-10-06T15:44:40.582+0000] {processor.py:179} INFO - Processing /opt/airflow/dags/task_flow_API_Pipeline.py took 0.057 seconds
[2023-10-06T16:30:37.647+0000] {processor.py:157} INFO - Started process (PID=35) to work on /opt/airflow/dags/task_flow_API_Pipeline.py
[2023-10-06T16:30:37.649+0000] {processor.py:829} INFO - Processing file /opt/airflow/dags/task_flow_API_Pipeline.py for tasks to queue
[2023-10-06T16:30:37.653+0000] {logging_mixin.py:151} INFO - [2023-10-06T16:30:37.653+0000] {dagbag.py:539} INFO - Filling up the DagBag from /opt/airflow/dags/task_flow_API_Pipeline.py
[2023-10-06T16:30:37.670+0000] {processor.py:839} INFO - DAG(s) dict_keys(['tutorial_taskflow_api']) retrieved from /opt/airflow/dags/task_flow_API_Pipeline.py
[2023-10-06T16:30:38.134+0000] {logging_mixin.py:151} INFO - [2023-10-06T16:30:38.134+0000] {security.py:708} INFO - Not syncing DAG-level permissions for DAG 'DAG:tutorial_taskflow_api' as access control is unset.
[2023-10-06T16:30:38.134+0000] {logging_mixin.py:151} INFO - [2023-10-06T16:30:38.134+0000] {dag.py:2915} INFO - Sync 1 DAGs
[2023-10-06T16:30:38.166+0000] {logging_mixin.py:151} INFO - [2023-10-06T16:30:38.166+0000] {dag.py:3696} INFO - Setting next_dagrun for tutorial_taskflow_api to None, run_after=None
[2023-10-06T16:30:38.206+0000] {processor.py:179} INFO - Processing /opt/airflow/dags/task_flow_API_Pipeline.py took 0.566 seconds
