[2023-10-06T10:22:23.181+0000] {taskinstance.py:1157} INFO - Dependencies all met for dep_context=non-requeueable deps ti=<TaskInstance: dag_tutorial.templated scheduled__2023-10-05T10:21:51.766378+00:00 [queued]>
[2023-10-06T10:22:23.200+0000] {taskinstance.py:1157} INFO - Dependencies all met for dep_context=requeueable deps ti=<TaskInstance: dag_tutorial.templated scheduled__2023-10-05T10:21:51.766378+00:00 [queued]>
[2023-10-06T10:22:23.200+0000] {taskinstance.py:1359} INFO - Starting attempt 1 of 2
[2023-10-06T10:22:23.242+0000] {taskinstance.py:1380} INFO - Executing <Task(BashOperator): templated> on 2023-10-05 10:21:51.766378+00:00
[2023-10-06T10:22:23.252+0000] {standard_task_runner.py:57} INFO - Started process 1809 to run task
[2023-10-06T10:22:23.259+0000] {standard_task_runner.py:84} INFO - Running: ['***', 'tasks', 'run', 'dag_tutorial', 'templated', 'scheduled__2023-10-05T10:21:51.766378+00:00', '--job-id', '23', '--raw', '--subdir', 'DAGS_FOLDER/dags_internet_tuto.py', '--cfg-path', '/tmp/tmpmwfi9b5b']
[2023-10-06T10:22:23.269+0000] {standard_task_runner.py:85} INFO - Job 23: Subtask templated
[2023-10-06T10:22:23.357+0000] {task_command.py:415} INFO - Running <TaskInstance: dag_tutorial.templated scheduled__2023-10-05T10:21:51.766378+00:00 [running]> on host 49d3e728408a
[2023-10-06T10:22:23.515+0000] {taskinstance.py:1660} INFO - Exporting env vars: AIRFLOW_CTX_DAG_EMAIL='***@example.com' AIRFLOW_CTX_DAG_OWNER='***' AIRFLOW_CTX_DAG_ID='dag_tutorial' AIRFLOW_CTX_TASK_ID='templated' AIRFLOW_CTX_EXECUTION_DATE='2023-10-05T10:21:51.766378+00:00' AIRFLOW_CTX_TRY_NUMBER='1' AIRFLOW_CTX_DAG_RUN_ID='scheduled__2023-10-05T10:21:51.766378+00:00'
[2023-10-06T10:22:23.518+0000] {subprocess.py:63} INFO - Tmp dir root location: /tmp
[2023-10-06T10:22:23.520+0000] {subprocess.py:75} INFO - Running command: ['/bin/bash', '-c', '\n\n    echo "2023-10-05"\n    echo "2023-10-12"\n\n    echo "2023-10-05"\n    echo "2023-10-12"\n\n    echo "2023-10-05"\n    echo "2023-10-12"\n\n    echo "2023-10-05"\n    echo "2023-10-12"\n\n    echo "2023-10-05"\n    echo "2023-10-12"\n']
[2023-10-06T10:22:23.539+0000] {subprocess.py:86} INFO - Output:
[2023-10-06T10:22:23.542+0000] {subprocess.py:93} INFO - 2023-10-05
[2023-10-06T10:22:23.542+0000] {subprocess.py:93} INFO - 2023-10-12
[2023-10-06T10:22:23.542+0000] {subprocess.py:93} INFO - 2023-10-05
[2023-10-06T10:22:23.542+0000] {subprocess.py:93} INFO - 2023-10-12
[2023-10-06T10:22:23.543+0000] {subprocess.py:93} INFO - 2023-10-05
[2023-10-06T10:22:23.543+0000] {subprocess.py:93} INFO - 2023-10-12
[2023-10-06T10:22:23.543+0000] {subprocess.py:93} INFO - 2023-10-05
[2023-10-06T10:22:23.543+0000] {subprocess.py:93} INFO - 2023-10-12
[2023-10-06T10:22:23.543+0000] {subprocess.py:93} INFO - 2023-10-05
[2023-10-06T10:22:23.544+0000] {subprocess.py:93} INFO - 2023-10-12
[2023-10-06T10:22:23.544+0000] {subprocess.py:97} INFO - Command exited with return code 0
[2023-10-06T10:22:23.590+0000] {taskinstance.py:1398} INFO - Marking task as SUCCESS. dag_id=dag_tutorial, task_id=templated, execution_date=20231005T102151, start_date=20231006T102223, end_date=20231006T102223
[2023-10-06T10:22:23.633+0000] {local_task_job_runner.py:228} INFO - Task exited with return code 0
[2023-10-06T10:22:23.656+0000] {taskinstance.py:2776} INFO - 0 downstream tasks scheduled from follow-on schedule check
